[INFO] Scanning for projects...
[INFO] 
[INFO] ------------------< com.tictacpro:tictacpro-backend >-------------------
[INFO] Building TicTac Pro Backend 1.0.0
[INFO]   from pom.xml
[INFO] --------------------------------[ jar ]---------------------------------
[INFO] 
[INFO] >>> spring-boot:3.2.3:run (default-cli) > test-compile @ tictacpro-backend >>>
[INFO] 
[INFO] --- resources:3.3.1:resources (default-resources) @ tictacpro-backend ---
[INFO] Copying 2 resources from src\main\resources to target\classes
[INFO] Copying 8 resources from .. to target\classes\static
[INFO] 
[INFO] --- compiler:3.11.0:compile (default-compile) @ tictacpro-backend ---
[INFO] Nothing to compile - all classes are up to date
[INFO] 
[INFO] --- resources:3.3.1:testResources (default-testResources) @ tictacpro-backend ---
[INFO] skip non existing resourceDirectory C:\Users\hrede\OneDrive\Desktop\SPON IT\IP\tictacpro\backend\src\test\resources
[INFO] 
[INFO] --- compiler:3.11.0:testCompile (default-testCompile) @ tictacpro-backend ---
[INFO] No sources to compile
[INFO] 
[INFO] <<< spring-boot:3.2.3:run (default-cli) < test-compile @ tictacpro-backend <<<
[INFO] 
[INFO] 
[INFO] --- spring-boot:3.2.3:run (default-cli) @ tictacpro-backend ---
[INFO] Attaching agents: []

  .   ____          _            __ _ _
 /\\ / ___'_ __ _ _(_)_ __  __ _ \ \ \ \
( ( )\___ | '_ | '_| | '_ \/ _` | \ \ \ \
 \\/  ___)| |_)| | | | | || (_| |  ) ) ) )
  '  |____| .__|_| |_|_| |_\__, | / / / /
 =========|_|==============|___/=/_/_/_/
 :: Spring Boot ::                (v3.2.3)

2026-04-22T23:45:19.012+05:30  INFO 47304 --- [           main] com.tictacpro.TictacProApplication       : Starting TictacProApplication using Java 17.0.12 with PID 47304 (C:\Users\hrede\OneDrive\Desktop\SPON IT\IP\tictacpro\backend\target\classes started by hrede in C:\Users\hrede\OneDrive\Desktop\SPON IT\IP\tictacpro\backend)
2026-04-22T23:45:19.014+05:30  INFO 47304 --- [           main] com.tictacpro.TictacProApplication       : No active profile set, falling back to 1 default profile: "default"
2026-04-22T23:45:19.771+05:30  INFO 47304 --- [           main] o.s.b.w.embedded.tomcat.TomcatWebServer  : Tomcat initialized with port 4000 (http)
2026-04-22T23:45:19.778+05:30  INFO 47304 --- [           main] o.apache.catalina.core.StandardService   : Starting service [Tomcat]
2026-04-22T23:45:19.778+05:30  INFO 47304 --- [           main] o.apache.catalina.core.StandardEngine    : Starting Servlet engine: [Apache Tomcat/10.1.19]
2026-04-22T23:45:19.824+05:30  INFO 47304 --- [           main] o.a.c.c.C.[Tomcat].[localhost].[/]       : Initializing Spring embedded WebApplicationContext
2026-04-22T23:45:19.825+05:30  INFO 47304 --- [           main] w.s.c.ServletWebServerApplicationContext : Root WebApplicationContext: initialization completed in 765 ms
2026-04-22T23:45:19.888+05:30  INFO 47304 --- [           main] com.zaxxer.hikari.HikariDataSource       : HikariPool-1 - Starting...
2026-04-22T23:45:20.013+05:30  INFO 47304 --- [           main] com.zaxxer.hikari.pool.HikariPool        : HikariPool-1 - Added connection org.sqlite.jdbc4.JDBC4Connection@31dfc6f5
2026-04-22T23:45:20.015+05:30  INFO 47304 --- [           main] com.zaxxer.hikari.HikariDataSource       : HikariPool-1 - Start completed.
2026-04-22T23:45:20.088+05:30  INFO 47304 --- [           main] o.s.b.a.w.s.WelcomePageHandlerMapping    : Adding welcome page: class path resource [static/index.html]
2026-04-22T23:45:20.261+05:30  INFO 47304 --- [           main] o.s.b.w.embedded.tomcat.TomcatWebServer  : Tomcat started on port 4000 (http) with context path ''
2026-04-22T23:45:20.269+05:30  INFO 47304 --- [           main] com.tictacpro.TictacProApplication       : Started TictacProApplication in 1.533 seconds (process running for 1.79)
2026-04-22T23:46:30.613+05:30  INFO 47304 --- [nio-4000-exec-1] o.a.c.c.C.[Tomcat].[localhost].[/]       : Initializing Spring DispatcherServlet 'dispatcherServlet'
2026-04-22T23:46:30.614+05:30  INFO 47304 --- [nio-4000-exec-1] o.s.web.servlet.DispatcherServlet        : Initializing Servlet 'dispatcherServlet'
2026-04-22T23:46:30.614+05:30  INFO 47304 --- [nio-4000-exec-1] o.s.web.servlet.DispatcherServlet        : Completed initialization in 0 ms
